\BOOKMARK [1][-]{section.1}{Introduction}{}% 1
\BOOKMARK [2][-]{subsection.1.1}{Context}{section.1}% 2
\BOOKMARK [2][-]{subsection.1.2}{Background}{section.1}% 3
\BOOKMARK [2][-]{subsection.1.3}{Aims\040and\040Objectives}{section.1}% 4
\BOOKMARK [2][-]{subsection.1.4}{Thesis\040Structure}{section.1}% 5
\BOOKMARK [1][-]{section.2}{Literature\040Review}{}% 6
\BOOKMARK [2][-]{subsection.2.1}{Mountain\040Bike\040Suspension\040Concepts}{section.2}% 7
\BOOKMARK [3][-]{subsubsection.2.1.1}{Travel\040and\040Stroke}{subsection.2.1}% 8
\BOOKMARK [3][-]{subsubsection.2.1.2}{Front\040Suspension}{subsection.2.1}% 9
\BOOKMARK [3][-]{subsubsection.2.1.3}{Rear\040Suspension}{subsection.2.1}% 10
\BOOKMARK [3][-]{subsubsection.2.1.4}{Sag}{subsection.2.1}% 11
\BOOKMARK [3][-]{subsubsection.2.1.5}{Damping}{subsection.2.1}% 12
\BOOKMARK [3][-]{subsubsection.2.1.6}{Optimal\040Setup}{subsection.2.1}% 13
\BOOKMARK [2][-]{subsection.2.2}{Image\040Analysis}{section.2}% 14
\BOOKMARK [3][-]{subsubsection.2.2.1}{Digital\040Camera\040Operation}{subsection.2.2}% 15
\BOOKMARK [3][-]{subsubsection.2.2.2}{Usages}{subsection.2.2}% 16
\BOOKMARK [3][-]{subsubsection.2.2.3}{Image\040Analysis\040Techniques}{subsection.2.2}% 17
\BOOKMARK [2][-]{subsection.2.3}{Using\040Image\040Analysis\040for\040Mountain\040Bike\040Suspension}{section.2}% 18
\BOOKMARK [1][-]{section.3}{Approach}{}% 19
\BOOKMARK [1][-]{section.4}{Results}{}% 20
\BOOKMARK [1][-]{section.5}{Critical\040Evaluation}{}% 21
\BOOKMARK [1][-]{section.6}{Conclusion}{}% 22
\BOOKMARK [1][-]{section*.4}{References}{}% 23
\BOOKMARK [1][-]{section*.5}{Acronyms}{}% 24
\BOOKMARK [1][-]{section*.7}{Glossary}{}% 25
